
Deleted - Post ID 4204 - attachment - basil-leaf
Deleted - Post ID 4208 - attachment - cashew-butter-500
Deleted - Post ID 4208 - attachment - cashew-butter-500
Deleted - Post ID 4210 - attachment - organic-honey
Deleted - Post ID 4210 - attachment - organic-honey
Deleted - Post ID 4211 - attachment - orage-juice-kariz
Deleted - Post ID 4212 - attachment - edible-oil
Deleted - Post ID 4213 - attachment - eggs
Deleted - Post ID 4215 - attachment - coffee-asorted
Deleted - Post ID 4215 - attachment - coffee-asorted
Deleted - Post ID 4216 - attachment - pulses
Deleted - Post ID 4217 - attachment - wheat
Deleted - Post ID 4218 - attachment - diabetic-cookies
Deleted - Post ID 4225 - attachment - red-chillies
Deleted - Post ID 4226 - attachment - sanitizer
Deleted - Post ID 4227 - attachment - face-wash
Deleted - Post ID 4256 - attachment - woocommerce-placeholder
Deleted - Post ID 4259 - attachment - organic-store-social
Deleted - Post ID 4261 - attachment - logo-1
Deleted - Post ID 4261 - attachment - logo-1
Deleted - Post ID 4262 - attachment - logo-2
Deleted - Post ID 4263 - attachment - logo-3
Deleted - Post ID 4264 - attachment - logo-4
Deleted - Post ID 4262 -  - 
Deleted - Post ID 4263 -  - 
Deleted - Post ID 4264 -  - 
Deleted - Post ID 7 - custom_css - astra
Deleted - Post ID 13 - custom_css - astra
Deleted - Post ID 13 - custom_css - astra
Deleted - Post ID 45 - custom_css - astra
Deleted - Post ID 985 - custom_css - astra
Deleted - Post ID 1461 - custom_css - astra
Deleted - Post ID 1461 - custom_css - astra
Deleted - Post ID 3049 - elementor_library - Default Kit
Deleted - Post ID 3049 - elementor_library - Default Kit
Deleted - Post ID 4063 - nav_menu_item - Know More About Us
Deleted - Post ID 4063 - nav_menu_item - Know More About Us
Deleted - Post ID 4064 - nav_menu_item - Visit Store
Deleted - Post ID 4065 - nav_menu_item - Let&#8217;s Connect
Deleted - Post ID 4066 - nav_menu_item - Locate Stores
Deleted - Post ID 4068 - nav_menu_item - Privacy Policy
Deleted - Post ID 4069 - nav_menu_item - Shipping Details
Deleted - Post ID 4070 - nav_menu_item - Offers Coupons
Deleted - Post ID 4071 - nav_menu_item - Terms &#038; Conditions
Deleted - Post ID 4265 - attachment - logo-5
Deleted - Post ID 5328 - nav_menu_item - 
Deleted - Post ID 5329 - nav_menu_item - 